<?xml version="1.0" encoding="UTF-8"?>
<testng-results skipped="0" failed="0" ignored="0" total="1" passed="1">
  <reporter-output>
  </reporter-output>
  <suite name="Default suite" duration-ms="61435" started-at="2020-04-12T12:22:59Z" finished-at="2020-04-12T12:24:00Z">
    <groups>
    </groups>
    <test name="Default test" duration-ms="61435" started-at="2020-04-12T12:22:59Z" finished-at="2020-04-12T12:24:00Z">
      <class name="com.training.sanity.tests.UNFTests049">
        <test-method status="PASS" signature="setUpBeforeClass()[pri:0, instance:com.training.sanity.tests.UNFTests049@39aeed2f]" name="setUpBeforeClass" is-config="true" duration-ms="5434" started-at="2020-04-12T17:52:59Z" finished-at="2020-04-12T17:53:04Z">
          <reporter-output>
          </reporter-output>
        </test-method> <!-- setUpBeforeClass -->
        <test-method status="PASS" signature="validLoginTest()[pri:0, instance:com.training.sanity.tests.UNFTests049@39aeed2f]" name="validLoginTest" duration-ms="52299" started-at="2020-04-12T17:53:04Z" finished-at="2020-04-12T17:53:57Z">
          <reporter-output>
          </reporter-output>
        </test-method> <!-- validLoginTest -->
        <test-method status="PASS" signature="setUp()[pri:0, instance:com.training.sanity.tests.UNFTests049@39aeed2f]" name="setUp" is-config="true" duration-ms="0" started-at="2020-04-12T17:53:04Z" finished-at="2020-04-12T17:53:04Z">
          <reporter-output>
          </reporter-output>
        </test-method> <!-- setUp -->
        <test-method status="PASS" signature="tearDown()[pri:0, instance:com.training.sanity.tests.UNFTests049@39aeed2f]" name="tearDown" is-config="true" duration-ms="3680" started-at="2020-04-12T17:53:57Z" finished-at="2020-04-12T17:54:00Z">
          <reporter-output>
          </reporter-output>
        </test-method> <!-- tearDown -->
      </class> <!-- com.training.sanity.tests.UNFTests049 -->
    </test> <!-- Default test -->
  </suite> <!-- Default suite -->
</testng-results>
